android/app/seeds.txt
com.yuque.vyan.R$layout: int abc_list_menu_item_radio
com.yuque.vyan.R$attr: int fontWeight
com.yuque.vyan.R$style: int TextAppearance_AppCompat_Widget_TextView_SpinnerItem
com.yuque.vyan.R$style: int LaunchTheme
com.yuque.vyan.R$id: int contentPanel
com.yuque.vyan.R$color: int secondary_text_default_material_dark
com.yuque.vyan.R$attr: int colorControlHighlight
com.yuque.vyan.R$id: int accessibility_action_clickable_span
com.yuque.vyan.R$style: int Base_Theme_AppCompat_Light_Dialog_FixedSize
com.yuque.vyan.R$styleable: int[] ListPopupWindow
com.yuque.vyan.R$dimen: int abc_search_view_preferred_width
com.yuque.vyan.R$style: int Base_Widget_AppCompat_Button_Colored
com.yuque.vyan.R$styleable: int Toolbar_android_gravity
com.yuque.vyan.R$styleable: int Toolbar_contentInsetEnd
com.yuque.vyan.R$id: int dialog_button
com.yuque.vyan.R$styleable: int[] ActionBarLayout
com.yuque.vyan.R$styleable: int MenuItem_android_orderInCategory
com.yuque.vyan.R$drawable: int abc_list_pressed_holo_light
com.yuque.vyan.R$style: int Base_Widget_AppCompat_EditText
com.yuque.vyan.R$style: int Widget_AppCompat_Button_ButtonBar_AlertDialog
com.yuque.vyan.R$id
com.yuque.vyan.R$style: int Base_Widget_AppCompat_Light_ActionBar_TabText_Inverse
com.yuque.vyan.R$styleable: int Toolbar_titleMargin
com.yuque.vyan.R$style: int Theme_AppCompat_Dialog_Alert
com.yuque.vyan.R$styleable: int AppCompatTextView_drawableTintMode
com.yuque.vyan.R$style: int Base_TextAppearance_AppCompat_Widget_ActionMode_Title
com.yuque.vyan.R$drawable: int abc_seekbar_tick_mark_material
com.yuque.vyan.R$drawable: int abc_text_select_handle_left_mtrl_light
com.yuque.vyan.R$style: int TextAppearance_AppCompat_Light_Widget_PopupMenu_Large
com.yuque.vyan.R$color: int dim_foreground_material_dark
com.yuque.vyan.R$attr: int tooltipText
com.yuque.vyan.R$id: int action_mode_close_button
com.yuque.vyan.R$styleable: int TextAppearance_android_textStyle
com.yuque.vyan.R$id: int default_activity_button
com.yuque.vyan.R$dimen: int abc_text_size_body_1_material
com.yuque.vyan.R$dimen: int abc_text_size_menu_header_material
com.yuque.vyan.R$style: int Widget_AppCompat_ProgressBar
com.yuque.vyan.R$id: int tv_title
com.yuque.vyan.R$string: int abc_searchview_description_voice
com.yuque.vyan.R$attr: int listItemLayout
com.yuque.vyan.R$dimen: int abc_text_size_subtitle_material_toolbar
com.yuque.vyan.R$styleable: int AppCompatTheme_listChoiceBackgroundIndicator
com.yuque.vyan.R$drawable: int notification_template_icon_bg
com.yuque.vyan.R$anim: int abc_slide_out_top
com.yuque.vyan.R$attr: int titleTextColor
com.yuque.vyan.R$color: int browser_actions_title_color
com.yuque.vyan.R$attr: int buttonCompat
com.yuque.vyan.R$anim: int btn_radio_to_off_mtrl_ring_outer_path_animation
com.yuque.vyan.R$styleable: int ViewStubCompat_android_id
com.yuque.vyan.R$style: int Base_Theme_AppCompat_DialogWhenLarge
com.yuque.vyan.R$color: int androidx_core_secondary_text_default_material_light
com.yuque.vyan.R$attr: int drawableBottomCompat
com.yuque.vyan.R$color: int abc_search_url_text_normal
com.yuque.vyan.R$styleable: int DrawerArrowToggle_gapBetweenBars
com.yuque.vyan.R$style: int Base_Widget_AppCompat_CompoundButton_Switch
com.yuque.vyan.R$color: int material_blue_grey_900
com.yuque.vyan.R$id: int ll_close
com.yuque.vyan.R$styleable: int ActionBar_contentInsetEnd
com.yuque.vyan.R$layout: int floating_action_mode
com.yuque.vyan.R$attr: int iconTint
com.yuque.vyan.R$styleable: int AlertDialog_buttonPanelSideLayout
com.yuque.vyan.R$string: int gcm_defaultSenderId
com.yuque.vyan.R$id: int search_plate
com.yuque.vyan.R$styleable: int AppCompatTextView_autoSizeStepGranularity
com.yuque.vyan.R$attr: int colorSwitchThumbNormal
com.yuque.vyan.R$styleable: int XNumberProgressBar_xnpb_unreached_bar_height
com.yuque.vyan.R$attr: int titleMargin
com.yuque.vyan.R$style: int Theme_AppCompat_Light
com.yuque.vyan.R$menu: R$menu()
com.yuque.vyan.R$id: int icon_group
com.yuque.vyan.R$style: int Widget_AppCompat_RatingBar
...
androidx.appcompat.graphics.drawable.AnimatedStateListDrawableCompat: void setExitFadeDuration(int)
androidx.appcompat.widget.SearchView: void postUpdateFocusedState()
com.google.gson.internal.bind.TypeAdapters$29: java.lang.Object read(com.google.gson.stream.JsonReader)
com.xuexiang.xupdate.R$attr: int fontProviderPackage
com.google.android.exoplayer2.source.hls.playlist.HlsPlaylistTracker$PlaylistStuckException: HlsPlaylistTracker$PlaylistStuckException(java.lang.String)
androidx.appcompat.R$styleable: int LinearLayoutCompat_showDividers
com.xuexiang.xupdate.R$style: int Theme_AppCompat_Dialog
androidx.customview.widget.ViewDragHelper$Callback: ViewDragHelper$Callback()
androidx.appcompat.widget.ScrollingTabContainerView$VisibilityAnimListener: androidx.appcompat.widget.ScrollingTabContainerView$VisibilityAnimListener withFinalVisibility(android.view.ViewPropertyAnimator,int)
androidx.webkit.WebViewAssetLoader$PathMatcher: WebViewAssetLoader$PathMatcher(java.lang.String,java.lang.String,boolean,androidx.webkit.WebViewAssetLoader$PathHandler)
com.xuexiang.xupdate.R$attr: int subtitle
android.support.v4.os.IResultReceiver$Default: IResultReceiver$Default()
androidx.appcompat.view.menu.MenuBuilder: java.util.ArrayList mVisibleItems
androidx.loader.R$id: int notification_main_column_container
androidx.browser.trusted.TrustedWebActivityServiceConnectionPool$BindToServiceAsyncTask: android.content.Context mAppContext
com.pichillilorenzo.flutter_inappwebview.R$color: int switch_thumb_normal_material_dark
androidx.core.graphics.drawable.RoundedBitmapDrawableFactory$DefaultRoundedBitmapDrawable: RoundedBitmapDrawableFactory$DefaultRoundedBitmapDrawable(android.content.res.Resources,android.graphics.Bitmap)
com.xuexiang.flutter_xupdate.R$string: int xupdate_tip_permissions_reject
androidx.localbroadcastmanager.content.LocalBroadcastManager: boolean sendBroadcast(android.content.Intent)
io.flutter.plugins.imagepicker.R$drawable: int notification_bg
androidx.drawerlayout.widget.DrawerLayout$ViewDragCallback: boolean onEdgeLock(int)
androidx.core.content.FileProvider: java.lang.String TAG_EXTERNAL_CACHE
com.xuexiang.flutter_xupdate.R$styleable: int LinearLayoutCompat_divider
androidx.fragment.app.ListFragment: ListFragment()
androidx.concurrent.futures.AbstractResolvableFuture$Cancellation: boolean wasInterrupted
androidx.appcompat.R$color: int foreground_material_dark
androidx.fragment.app.FragmentTransaction: int OP_SET_MAX_LIFECYCLE
androidx.core.graphics.drawable.WrappedDrawableApi21: void setHotspotBounds(int,int,int,int)
androidx.browser.browseractions.BrowserActionsIntent: java.lang.String getUntrustedCreatorPackageName(android.content.Intent)
androidx.fragment.app.FragmentManager$BackStackEntry
com.google.common.collect.ImmutableCollection: com.google.common.collect.UnmodifiableIterator iterator()
com.google.common.collect.ForwardingObject: java.lang.String toString()
com.google.common.collect.ImmutableMultimap: boolean putAll(java.lang.Object,java.lang.Iterable)
kotlin.jvm.internal.PropertyReference2: java.lang.Object get(java.lang.Object,java.lang.Object)
com.google.android.gms.measurement.AppMeasurement$ConditionalUserProperty: java.lang.Object mValue
androidx.viewpager.R$layout: int notification_template_part_time
androidx.appcompat.widget.SearchView: androidx.cursoradapter.widget.CursorAdapter mSuggestionsAdapter
androidx.appcompat.view.menu.MenuItemImpl: androidx.core.internal.view.SupportMenuItem setActionView(android.view.View)
com.xuexiang.flutter_xupdate.R$attr: int queryBackground
androidx.fragment.app.FragmentManagerImpl: boolean dispatchCreateOptionsMenu(android.view.Menu,android.view.MenuInflater)
com.xuexiang.flutter_xupdate.R$styleable: int XNumberProgressBar_xnpb_unreached_color
androidx.vectordrawable.animated.R$styleable: int GradientColor_android_endY
kotlin.Result: kotlin.Result box-impl(java.lang.Object)
io.flutter.plugins.imagepicker.R$id: int accessibility_custom_action_5