android/app/unused.txt
com.yuque.vyan.BuildConfig
com.yuque.vyan.R
...
com.google.firebase.firebase_analytics.R
kotlin.collections.AbstractCollection$toString$1
org.junit.experimental.theories.suppliers.TestedOn
com.google.android.gms.common.util.DataUtils
com.google.common.collect.AbstractBiMap$BiMapEntry
kotlin.sequences.DropWhileSequence$iterator$1
com.google.common.util.concurrent.ImmediateFuture$ImmediateSuccessfulFuture
okhttp3.internal.http2.Http2Connection$ReaderRunnable:
    public void alternateService(int,java.lang.String,okio.ByteString,java.lang.String,int,long)
kotlin.jvm.internal.MutableLocalVariableReference
com.google.common.collect.ImmutableBiMap$SerializedForm
com.google.common.collect.TreeMultiset$AvlNode
okhttp3.OkHttpClient:
    public okhttp3.Cache cache()
    public okhttp3.WebSocket newWebSocket(okhttp3.Request,okhttp3.WebSocketListener)
io.flutter.plugins.videoplayer.VideoPlayerPlugin:
    private void <init>(io.flutter.plugin.common.PluginRegistry$Registrar)
    public static void registerWith(io.flutter.plugin.common.PluginRegistry$Registrar)
    private void onDestroy()
    private static synthetic boolean lambda$registerWith$0(io.flutter.plugins.videoplayer.VideoPlayerPlugin,io.flutter.view.FlutterNativeView)
    private static final java.lang.String TAG
com.google.common.collect.TreeTraverser$PostOrderNode
kotlin.collections.ArraysKt___ArraysKt$withIndex$4
com.google.android.exoplayer2.source.dash.manifest.Representation:
    public static com.google.android.exoplayer2.source.dash.manifest.Representation newInstance(java.lang.String,long,com.google.android.exoplayer2.Format,java.lang.String,com.google.android.exoplayer2.source.dash.manifest.SegmentBase)
    public static final long REVISION_ID_DEFAULT
com.google.android.exoplayer2.source.smoothstreaming.SsMediaSource:
    public void <init>(com.google.android.exoplayer2.source.smoothstreaming.manifest.SsManifest,com.google.android.exoplayer2.source.smoothstreaming.SsChunkSource$Factory,android.os.Handler,com.google.android.exoplayer2.source.MediaSourceEventListener)
    public void <init>(com.google.android.exoplayer2.source.smoothstreaming.manifest.SsManifest,com.google.android.exoplayer2.source.smoothstreaming.SsChunkSource$Factory,int,android.os.Handler,com.google.android.exoplayer2.source.MediaSourceEventListener)
    public void <init>(android.net.Uri,com.google.android.exoplayer2.upstream.DataSource$Factory,com.google.android.exoplayer2.source.smoothstreaming.SsChunkSource$Factory,android.os.Handler,com.google.android.exoplayer2.source.MediaSourceEventListener)
    public void <init>(android.net.Uri,com.google.android.exoplayer2.upstream.DataSource$Factory,com.google.android.exoplayer2.source.smoothstreaming.SsChunkSource$Factory,int,long,android.os.Handler,com.google.android.exoplayer2.source.MediaSourceEventListener)
    public void <init>(android.net.Uri,com.google.android.exoplayer2.upstream.DataSource$Factory,com.google.android.exoplayer2.upstream.ParsingLoadable$Parser,com.google.android.exoplayer2.source.smoothstreaming.SsChunkSource$Factory,int,long,android.os.Handler,com.google.android.exoplayer2.source.MediaSourceEventListener)
    public java.lang.Object getTag()
com.google.common.collect.RangeGwtSerializationDependencies
io.flutter.embedding.engine.plugins.service.ServiceAware$OnModeChangeListener
com.google.common.collect.FilteredEntryMultimap$Keys$1
okio.AsyncTimeout:
    private static final int TIMEOUT_WRITE_SIZE
com.google.firebase.heartbeatinfo.DefaultHeartBeatInfo:
    void <init>(com.google.firebase.heartbeatinfo.HeartBeatInfoStorage)
com.google.firebase.installations.FirebaseInstallations$$Lambda$4
kotlin.collections.CharIterator
com.google.android.gms.tasks.zzp
com.google.android.exoplayer2.source.ads.AdsLoader$EventListener
com.google.common.eventbus.EventBus$LoggingHandler
kotlin.text.CharCategory$Companion
com.google.common.collect.Maps$IteratorBasedAbstractMap
kotlin.coroutines.experimental.EmptyCoroutineContext
kotlin.collections.AbstractMap$Companion